26 Mar 14:54:52 - [info] 

Welcome to Node-RED
===================

26 Mar 14:54:52 - [info] Node-RED version: v4.1.8
26 Mar 14:54:52 - [info] Node.js  version: v20.20.2
26 Mar 14:54:52 - [info] Linux 6.17.0-19-generic x64 LE
26 Mar 14:54:52 - [info] Loading palette nodes
26 Mar 14:54:53 - [info] Dashboard version 3.6.6 started at /ui
26 Mar 14:54:53 - [info] Settings file  : /home/lsj/.node-red/settings.js
26 Mar 14:54:53 - [info] Context store  : 'default' [module=memory]
26 Mar 14:54:53 - [info] User directory : /home/lsj/.node-red
26 Mar 14:54:53 - [warn] Projects disabled : editorTheme.projects.enabled=false
26 Mar 14:54:53 - [info] Flows file     : /home/lsj/sensor_project/flows.json
26 Mar 14:54:53 - [warn] 

---------------------------------------------------------------------
Your flow credentials file is encrypted using a system-generated key.

If the system-generated key is lost for any reason, your credentials
file will not be recoverable, you will have to delete it and re-enter
your credentials.

You should set your own key using the 'credentialSecret' option in
your settings file. Node-RED will then re-encrypt your credentials
file using your chosen key the next time you deploy a change.
---------------------------------------------------------------------

26 Mar 14:54:53 - [info] Server now running at http://127.0.0.1:1880/
26 Mar 14:54:53 - [info] Starting flows
26 Mar 14:54:54 - [info] Started flows
26 Mar 14:54:54 - [error] [MySQLdatabase:sensor_db] Error: Access denied for user ''@'localhost' (using password: YES)
26 Mar 14:55:14 - [error] [MySQLdatabase:sensor_db] Error: Access denied for user ''@'localhost' (using password: YES)
26 Mar 14:55:34 - [error] [MySQLdatabase:sensor_db] Error: Access denied for user ''@'localhost' (using password: YES)
26 Mar 14:55:54 - [error] [MySQLdatabase:sensor_db] Error: Access denied for user ''@'localhost' (using password: YES)
26 Mar 14:56:14 - [error] [MySQLdatabase:sensor_db] Error: Access denied for user ''@'localhost' (using password: YES)
26 Mar 14:56:34 - [error] [MySQLdatabase:sensor_db] Error: Access denied for user ''@'localhost' (using password: YES)
26 Mar 14:56:54 - [error] [MySQLdatabase:sensor_db] Error: Access denied for user ''@'localhost' (using password: YES)
26 Mar 14:57:14 - [error] [MySQLdatabase:sensor_db] Error: Access denied for user ''@'localhost' (using password: YES)
26 Mar 14:57:34 - [error] [MySQLdatabase:sensor_db] Error: Access denied for user ''@'localhost' (using password: YES)
26 Mar 14:57:54 - [error] [MySQLdatabase:sensor_db] Error: Access denied for user ''@'localhost' (using password: YES)
26 Mar 14:58:14 - [error] [MySQLdatabase:sensor_db] Error: Access denied for user ''@'localhost' (using password: YES)
26 Mar 14:58:34 - [error] [MySQLdatabase:sensor_db] Error: Access denied for user ''@'localhost' (using password: YES)
26 Mar 14:58:54 - [error] [MySQLdatabase:sensor_db] Error: Access denied for user ''@'localhost' (using password: YES)
26 Mar 14:59:14 - [error] [MySQLdatabase:sensor_db] Error: Access denied for user ''@'localhost' (using password: YES)
26 Mar 14:59:34 - [error] [MySQLdatabase:sensor_db] Error: Access denied for user ''@'localhost' (using password: YES)
26 Mar 14:59:54 - [error] [MySQLdatabase:sensor_db] Error: Access denied for user ''@'localhost' (using password: YES)
26 Mar 15:00:14 - [error] [MySQLdatabase:sensor_db] Error: Access denied for user ''@'localhost' (using password: YES)
26 Mar 15:00:34 - [error] [MySQLdatabase:sensor_db] Error: Access denied for user ''@'localhost' (using password: YES)
26 Mar 15:00:54 - [error] [MySQLdatabase:sensor_db] Error: Access denied for user ''@'localhost' (using password: YES)
26 Mar 15:01:14 - [error] [MySQLdatabase:sensor_db] Error: Access denied for user ''@'localhost' (using password: YES)
26 Mar 15:01:34 - [error] [MySQLdatabase:sensor_db] Error: Access denied for user ''@'localhost' (using password: YES)
26 Mar 15:01:54 - [error] [MySQLdatabase:sensor_db] Error: Access denied for user ''@'localhost' (using password: YES)
26 Mar 15:02:14 - [error] [MySQLdatabase:sensor_db] Error: Access denied for user ''@'localhost' (using password: YES)
26 Mar 15:02:34 - [error] [MySQLdatabase:sensor_db] Error: Access denied for user ''@'localhost' (using password: YES)
26 Mar 15:02:54 - [error] [MySQLdatabase:sensor_db] Error: Access denied for user ''@'localhost' (using password: YES)
26 Mar 15:03:14 - [error] [MySQLdatabase:sensor_db] Error: Access denied for user ''@'localhost' (using password: YES)
26 Mar 15:03:34 - [error] [MySQLdatabase:sensor_db] Error: Access denied for user ''@'localhost' (using password: YES)
26 Mar 15:03:54 - [error] [MySQLdatabase:sensor_db] Error: Access denied for user ''@'localhost' (using password: YES)
26 Mar 15:04:14 - [error] [MySQLdatabase:sensor_db] Error: Access denied for user ''@'localhost' (using password: YES)
26 Mar 15:04:34 - [error] [MySQLdatabase:sensor_db] Error: Access denied for user ''@'localhost' (using password: YES)
26 Mar 15:04:54 - [error] [MySQLdatabase:sensor_db] Error: Access denied for user ''@'localhost' (using password: YES)
26 Mar 15:05:14 - [error] [MySQLdatabase:sensor_db] Error: Access denied for user ''@'localhost' (using password: YES)
26 Mar 15:05:34 - [error] [MySQLdatabase:sensor_db] Error: Access denied for user ''@'localhost' (using password: YES)
26 Mar 15:05:35 - [info] Stopping flows
26 Mar 15:05:35 - [info] Stopped flows
26 Mar 15:05:35 - [info] Updated flows
26 Mar 15:05:35 - [info] Starting flows
26 Mar 15:05:35 - [info] Started flows
26 Mar 15:05:35 - [error] [MySQLdatabase:sensor_db] Error: Access denied for user ''@'localhost' (using password: YES)
26 Mar 15:05:55 - [error] [MySQLdatabase:sensor_db] Error: Access denied for user ''@'localhost' (using password: YES)
26 Mar 15:06:15 - [error] [MySQLdatabase:sensor_db] Error: Access denied for user ''@'localhost' (using password: YES)
26 Mar 15:06:35 - [error] [MySQLdatabase:sensor_db] Error: Access denied for user ''@'localhost' (using password: YES)
26 Mar 15:06:55 - [error] [MySQLdatabase:sensor_db] Error: Access denied for user ''@'localhost' (using password: YES)
26 Mar 15:07:15 - [error] [MySQLdatabase:sensor_db] Error: Access denied for user ''@'localhost' (using password: YES)
26 Mar 15:07:35 - [error] [MySQLdatabase:sensor_db] Error: Access denied for user ''@'localhost' (using password: YES)
26 Mar 15:07:55 - [error] [MySQLdatabase:sensor_db] Error: Access denied for user ''@'localhost' (using password: YES)
26 Mar 15:08:15 - [error] [MySQLdatabase:sensor_db] Error: Access denied for user ''@'localhost' (using password: YES)
26 Mar 15:08:35 - [error] [MySQLdatabase:sensor_db] Error: Access denied for user ''@'localhost' (using password: YES)
26 Mar 15:08:55 - [error] [MySQLdatabase:sensor_db] Error: Access denied for user ''@'localhost' (using password: YES)
26 Mar 15:09:15 - [error] [MySQLdatabase:sensor_db] Error: Access denied for user ''@'localhost' (using password: YES)
26 Mar 15:09:35 - [error] [MySQLdatabase:sensor_db] Error: Access denied for user ''@'localhost' (using password: YES)
26 Mar 15:09:55 - [error] [MySQLdatabase:sensor_db] Error: Access denied for user ''@'localhost' (using password: YES)
26 Mar 15:10:15 - [error] [MySQLdatabase:sensor_db] Error: Access denied for user ''@'localhost' (using password: YES)
26 Mar 15:10:35 - [error] [MySQLdatabase:sensor_db] Error: Access denied for user ''@'localhost' (using password: YES)
26 Mar 15:10:55 - [error] [MySQLdatabase:sensor_db] Error: Access denied for user ''@'localhost' (using password: YES)
26 Mar 15:11:15 - [error] [MySQLdatabase:sensor_db] Error: Access denied for user ''@'localhost' (using password: YES)
26 Mar 15:11:35 - [error] [MySQLdatabase:sensor_db] Error: Access denied for user ''@'localhost' (using password: YES)
26 Mar 15:11:55 - [error] [MySQLdatabase:sensor_db] Error: Access denied for user ''@'localhost' (using password: YES)
26 Mar 15:12:15 - [error] [MySQLdatabase:sensor_db] Error: Access denied for user ''@'localhost' (using password: YES)
26 Mar 15:12:35 - [error] [MySQLdatabase:sensor_db] Error: Access denied for user ''@'localhost' (using password: YES)
26 Mar 15:12:55 - [error] [MySQLdatabase:sensor_db] Error: Access denied for user ''@'localhost' (using password: YES)
26 Mar 15:13:15 - [error] [MySQLdatabase:sensor_db] Error: Access denied for user ''@'localhost' (using password: YES)
26 Mar 15:13:35 - [error] [MySQLdatabase:sensor_db] Error: Access denied for user ''@'localhost' (using password: YES)
26 Mar 15:13:55 - [error] [MySQLdatabase:sensor_db] Error: Access denied for user ''@'localhost' (using password: YES)
26 Mar 15:14:15 - [error] [MySQLdatabase:sensor_db] Error: Access denied for user ''@'localhost' (using password: YES)
26 Mar 15:14:35 - [error] [MySQLdatabase:sensor_db] Error: Access denied for user ''@'localhost' (using password: YES)
26 Mar 15:14:55 - [error] [MySQLdatabase:sensor_db] Error: Access denied for user ''@'localhost' (using password: YES)
26 Mar 15:15:15 - [error] [MySQLdatabase:sensor_db] Error: Access denied for user ''@'localhost' (using password: YES)
26 Mar 15:15:35 - [error] [MySQLdatabase:sensor_db] Error: Access denied for user ''@'localhost' (using password: YES)
26 Mar 15:15:55 - [error] [MySQLdatabase:sensor_db] Error: Access denied for user ''@'localhost' (using password: YES)
26 Mar 15:16:15 - [error] [MySQLdatabase:sensor_db] Error: Access denied for user ''@'localhost' (using password: YES)
26 Mar 15:16:35 - [error] [MySQLdatabase:sensor_db] Error: Access denied for user ''@'localhost' (using password: YES)
26 Mar 15:16:55 - [error] [MySQLdatabase:sensor_db] Error: Access denied for user ''@'localhost' (using password: YES)
26 Mar 15:17:15 - [error] [MySQLdatabase:sensor_db] Error: Access denied for user ''@'localhost' (using password: YES)
26 Mar 15:17:35 - [error] [MySQLdatabase:sensor_db] Error: Access denied for user ''@'localhost' (using password: YES)
26 Mar 15:17:55 - [error] [MySQLdatabase:sensor_db] Error: Access denied for user ''@'localhost' (using password: YES)
26 Mar 15:18:15 - [error] [MySQLdatabase:sensor_db] Error: Access denied for user ''@'localhost' (using password: YES)
26 Mar 15:18:35 - [error] [MySQLdatabase:sensor_db] Error: Access denied for user ''@'localhost' (using password: YES)
26 Mar 15:18:55 - [error] [MySQLdatabase:sensor_db] Error: Access denied for user ''@'localhost' (using password: YES)
26 Mar 15:19:15 - [error] [MySQLdatabase:sensor_db] Error: Access denied for user ''@'localhost' (using password: YES)
26 Mar 15:19:35 - [error] [MySQLdatabase:sensor_db] Error: Access denied for user ''@'localhost' (using password: YES)
26 Mar 15:19:55 - [error] [MySQLdatabase:sensor_db] Error: Access denied for user ''@'localhost' (using password: YES)
26 Mar 15:20:15 - [error] [MySQLdatabase:sensor_db] Error: Access denied for user ''@'localhost' (using password: YES)
26 Mar 15:20:35 - [error] [MySQLdatabase:sensor_db] Error: Access denied for user ''@'localhost' (using password: YES)
26 Mar 15:20:55 - [error] [MySQLdatabase:sensor_db] Error: Access denied for user ''@'localhost' (using password: YES)
26 Mar 15:21:15 - [error] [MySQLdatabase:sensor_db] Error: Access denied for user ''@'localhost' (using password: YES)
26 Mar 15:21:35 - [error] [MySQLdatabase:sensor_db] Error: Access denied for user ''@'localhost' (using password: YES)
26 Mar 15:21:55 - [error] [MySQLdatabase:sensor_db] Error: Access denied for user ''@'localhost' (using password: YES)
26 Mar 15:22:15 - [error] [MySQLdatabase:sensor_db] Error: Access denied for user ''@'localhost' (using password: YES)
26 Mar 15:22:35 - [error] [MySQLdatabase:sensor_db] Error: Access denied for user ''@'localhost' (using password: YES)
26 Mar 15:22:55 - [error] [MySQLdatabase:sensor_db] Error: Access denied for user ''@'localhost' (using password: YES)
26 Mar 15:23:15 - [error] [MySQLdatabase:sensor_db] Error: Access denied for user ''@'localhost' (using password: YES)
26 Mar 15:23:35 - [error] [MySQLdatabase:sensor_db] Error: Access denied for user ''@'localhost' (using password: YES)
26 Mar 15:23:55 - [error] [MySQLdatabase:sensor_db] Error: Access denied for user ''@'localhost' (using password: YES)
26 Mar 15:24:15 - [error] [MySQLdatabase:sensor_db] Error: Access denied for user ''@'localhost' (using password: YES)
26 Mar 15:24:35 - [error] [MySQLdatabase:sensor_db] Error: Access denied for user ''@'localhost' (using password: YES)
26 Mar 15:24:55 - [error] [MySQLdatabase:sensor_db] Error: Access denied for user ''@'localhost' (using password: YES)
26 Mar 15:25:15 - [error] [MySQLdatabase:sensor_db] Error: Access denied for user ''@'localhost' (using password: YES)
26 Mar 15:25:35 - [error] [MySQLdatabase:sensor_db] Error: Access denied for user ''@'localhost' (using password: YES)
26 Mar 15:25:55 - [error] [MySQLdatabase:sensor_db] Error: Access denied for user ''@'localhost' (using password: YES)
26 Mar 15:26:15 - [error] [MySQLdatabase:sensor_db] Error: Access denied for user ''@'localhost' (using password: YES)
26 Mar 15:26:35 - [error] [MySQLdatabase:sensor_db] Error: Access denied for user ''@'localhost' (using password: YES)
26 Mar 15:26:55 - [error] [MySQLdatabase:sensor_db] Error: Access denied for user ''@'localhost' (using password: YES)
26 Mar 15:27:15 - [error] [MySQLdatabase:sensor_db] Error: Access denied for user ''@'localhost' (using password: YES)
26 Mar 15:27:27 - [info] Stopping flows
26 Mar 15:27:27 - [info] Stopped flows
26 Mar 15:27:27 - [info] Updated flows
26 Mar 15:27:27 - [info] Starting flows
26 Mar 15:27:27 - [info] Started flows
26 Mar 15:27:27 - [error] [MySQLdatabase:sensor_db] Error: Access denied for user ''@'localhost' (using password: YES)
26 Mar 15:27:47 - [error] [MySQLdatabase:sensor_db] Error: Access denied for user ''@'localhost' (using password: YES)
26 Mar 15:28:07 - [error] [MySQLdatabase:sensor_db] Error: Access denied for user ''@'localhost' (using password: YES)
26 Mar 15:28:27 - [error] [MySQLdatabase:sensor_db] Error: Access denied for user ''@'localhost' (using password: YES)
26 Mar 15:28:47 - [error] [MySQLdatabase:sensor_db] Error: Access denied for user ''@'localhost' (using password: YES)
26 Mar 15:28:56 - [info] Stopping flows
26 Mar 15:28:56 - [info] Stopped flows
26 Mar 15:28:56 - [info] Updated flows
26 Mar 15:28:56 - [info] Starting flows
26 Mar 15:28:56 - [info] Started flows
26 Mar 15:33:17 - [info] Stopping flows
26 Mar 15:33:17 - [info] Stopped flows
26 Mar 15:33:17 - [info] Updated flows
26 Mar 15:33:17 - [info] Starting flows
26 Mar 15:33:17 - [info] Started flows
